\BOOKMARK [0][-]{chapter.1}{\376\377\000D\000W\000D\000\137\000P\000r\000o\000j\000e\000c\000t}{}% 1
\BOOKMARK [1][-]{section.1.1}{\376\377\000D\000w\000d\000D\000a\000t\000a\000P\000r\000e\000p\000\040\000m\000o\000d\000u\000l\000e}{chapter.1}% 2
\BOOKMARK [1][-]{section.1.2}{\376\377\000D\000w\000d\000D\000a\000t\000a\000S\000c\000r\000a\000p\000p\000e\000r\000\040\000m\000o\000d\000u\000l\000e}{chapter.1}% 3
\BOOKMARK [2][-]{subsection.1.2.1}{\376\377\000g\000e\000t\000t\000i\000n\000g\000\040\000s\000t\000a\000r\000t\000e\000d\000:\000\040\000d\000o\000w\000n\000l\000o\000a\000d\000\040\000a\000l\000l\000\040\000\050\000a\000i\000r\000\137\000t\000e\000m\000p\000e\000r\000a\000t\000u\000r\000,\000\040\000s\000o\000l\000a\000r\000,\000\040\000w\000i\000n\000d\000,\000\040\000p\000r\000e\000c\000i\000p\000i\000t\000a\000t\000i\000o\000n\000\051}{section.1.2}% 4
\BOOKMARK [1][-]{section.1.3}{\376\377\000D\000w\000d\000D\000i\000c\000t\000\040\000m\000o\000d\000u\000l\000e}{chapter.1}% 5
\BOOKMARK [1][-]{section.1.4}{\376\377\000D\000w\000d\000M\000a\000i\000n\000\040\000m\000o\000d\000u\000l\000e}{chapter.1}% 6
\BOOKMARK [1][-]{section.1.5}{\376\377\000D\000w\000d\000N\000e\000a\000r\000N\000e\000i\000g\000h\000b\000o\000r\000\040\000m\000o\000d\000u\000l\000e}{chapter.1}% 7
\BOOKMARK [1][-]{section.1.6}{\376\377\000D\000w\000d\000P\000l\000o\000t\000t\000e\000r\000\040\000m\000o\000d\000u\000l\000e}{chapter.1}% 8
\BOOKMARK [1][-]{section.1.7}{\376\377\000m\000a\000i\000n\000\040\000m\000o\000d\000u\000l\000e}{chapter.1}% 9
\BOOKMARK [0][-]{chapter.2}{\376\377\000Q\000u\000i\000c\000k\000-\000S\000t\000a\000r\000t}{}% 10
\BOOKMARK [1][-]{section.2.1}{\376\377\000g\000e\000t\000t\000i\000n\000g\000\040\000s\000t\000a\000r\000t\000e\000d\000\040\000w\000i\000t\000h\000\040\000D\000w\000d\000M\000a\000i\000n\000\040\000m\000o\000d\000u\000l\000e}{chapter.2}% 11
\BOOKMARK [2][-]{subsection.2.1.1}{\376\377\000g\000e\000t\000t\000i\000n\000g\000\040\000s\000t\000a\000r\000t\000e\000d\000:\000\040\000d\000o\000w\000n\000l\000o\000a\000d\000\040\000a\000i\000r\000\137\000t\000e\000m\000p\000e\000r\000a\000t\000u\000r\000e}{section.2.1}% 12
\BOOKMARK [2][-]{subsection.2.1.2}{\376\377\000g\000e\000t\000t\000i\000n\000g\000\040\000s\000t\000a\000r\000t\000e\000d\000:\000\040\000d\000o\000w\000n\000l\000o\000a\000d\000\040\000a\000l\000l\000\040\000\050\000a\000i\000r\000\137\000t\000e\000m\000p\000e\000r\000a\000t\000u\000r\000,\000\040\000s\000o\000l\000a\000r\000,\000\040\000w\000i\000n\000d\000,\000\040\000p\000r\000e\000c\000i\000p\000i\000t\000a\000t\000i\000o\000n\000\051}{section.2.1}% 13
\BOOKMARK [2][-]{subsection.2.1.3}{\376\377\000g\000e\000t\000t\000i\000n\000g\000\040\000s\000t\000a\000r\000t\000e\000d\000:\000\040\000s\000o\000m\000e\000\040\000s\000t\000a\000t\000i\000o\000n\000\040\000i\000n\000f\000o\000r\000m\000a\000t\000i\000o\000n}{section.2.1}% 14
\BOOKMARK [2][-]{subsection.2.1.4}{\376\377\000g\000e\000t\000t\000i\000n\000g\000\040\000s\000t\000a\000r\000t\000e\000d\000:\000\040\000p\000l\000o\000t\000s}{section.2.1}% 15
\BOOKMARK [2][-]{subsection.2.1.5}{\376\377\000g\000e\000t\000t\000i\000n\000g\000\040\000s\000t\000a\000r\000t\000e\000d\000:\000\040\000m\000a\000p\000s}{section.2.1}% 16
\BOOKMARK [2][-]{subsection.2.1.6}{\376\377\000g\000e\000t\000t\000i\000n\000g\000\040\000s\000t\000a\000r\000t\000e\000d\000:\000\040\000d\000a\000t\000a\000-\000p\000l\000o\000t\000s\000\040\000a\000n\000d\000\040\000c\000a\000l\000c\000u\000l\000a\000t\000i\000o\000n\000s}{section.2.1}% 17
\BOOKMARK [0][-]{chapter.3}{\376\377\000I\000n\000d\000i\000c\000e\000s\000\040\000a\000n\000d\000\040\000t\000a\000b\000l\000e\000s}{}% 18
\BOOKMARK [0][-]{chapter.4}{\376\377\000M\000a\000t\000h\000e\000m\000a\000t\000i\000c\000a\000l\000\040\000e\000q\000u\000a\000t\000i\000o\000n\000s}{}% 19
\BOOKMARK [1][-]{section.4.1}{\376\377\000C\000a\000l\000c\000u\000l\000a\000t\000i\000o\000n\000s}{chapter.4}% 20
\BOOKMARK [2][-]{subsection.4.1.1}{\376\377\000m\000e\000t\000h\000o\000d\000:\000\040\000s\000t\000a\000n\000d\000a\000r\000d\000\040\000a\000v\000e\000r\000a\000g\000e}{section.4.1}% 21
\BOOKMARK [0][-]{chapter.5}{\376\377\000I\000n\000d\000i\000c\000e\000s\000\040\000a\000n\000d\000\040\000t\000a\000b\000l\000e\000s}{}% 22
\BOOKMARK [0][-]{section*.80}{\376\377\000P\000y\000t\000h\000o\000n\000\040\000M\000o\000d\000u\000l\000e\000\040\000I\000n\000d\000e\000x}{}% 23
